<?xml version="1.0" encoding="UTF-8"?>
<!-- Generated by org.testng.reporters.JUnitReportReporter -->
<testsuite hostname="lenovo-PC" failures="0" tests="3" name="RESTTest.testPutPatchDelete" time="7.112" errors="0" timestamp="2023-04-21T13:33:34 IST" skipped="0">
  <testcase classname="RESTTest.testPutPatchDelete" name="patch" time="1.328"/>
  <system-out/>
  <testcase classname="RESTTest.testPutPatchDelete" name="put" time="1.377"/>
  <system-out/>
  <testcase classname="RESTTest.testPutPatchDelete" name="delete" time="4.407"/>
  <system-out/>
</testsuite> <!-- RESTTest.testPutPatchDelete -->
