<?xml version="1.0" encoding="UTF-8"?>
<!-- Generated by org.testng.reporters.JUnitReportReporter -->
<testsuite hostname="lenovo-PC" failures="0" tests="1" name="RESTTest.ParsingResponseData" time="14.344" errors="0" timestamp="2023-08-16T23:26:44 IST" skipped="0">
  <testcase classname="RESTTest.ParsingResponseData" name="testData1" time="14.344"/>
  <system-out/>
</testsuite> <!-- RESTTest.ParsingResponseData -->
