<?xml version="1.0" encoding="UTF-8"?>
<!-- Generated by org.testng.reporters.JUnitReportReporter -->
<testsuite hostname="lenovo-PC" failures="0" tests="1" name="ChainingPackage.UpdateUser" time="2.452" errors="0" timestamp="2023-08-22T01:46:31 IST" skipped="0">
  <testcase classname="ChainingPackage.UpdateUser" name="testUpdateUser" time="2.452"/>
  <system-out/>
</testsuite> <!-- ChainingPackage.UpdateUser -->
