<?xml version="1.0" encoding="UTF-8"?>
<!-- Generated by org.testng.reporters.JUnitReportReporter -->
<testsuite hostname="lenovo-PC" failures="0" tests="1" name="ChainingPackage.CreatUser" time="8.087" errors="0" timestamp="2023-08-22T01:46:31 IST" skipped="0">
  <testcase classname="ChainingPackage.CreatUser" name="testCrestUser" time="8.087"/>
  <system-out/>
</testsuite> <!-- ChainingPackage.CreatUser -->
