<?xml version="1.0" encoding="UTF-8"?>
<!-- Generated by org.testng.reporters.JUnitReportReporter -->
<testsuite hostname="lenovo-PC" failures="0" tests="1" name="RESTTest.UploadDownloadFile" time="3.359" errors="0" timestamp="2023-08-17T00:42:19 IST" skipped="0">
  <testcase classname="RESTTest.UploadDownloadFile" name="download" time="3.359"/>
  <system-out/>
</testsuite> <!-- RESTTest.UploadDownloadFile -->
