<?xml version="1.0" encoding="UTF-8"?>
<!-- Generated by org.testng.reporters.JUnitReportReporter -->
<testsuite hostname="lenovo-PC" failures="0" tests="2" name="RESTTest.RESTFirstTest" time="7.295" errors="0" timestamp="2023-04-21T11:49:58 IST" skipped="0">
  <testcase classname="RESTTest.RESTFirstTest" name="test_1" time="5.100"/>
  <system-out/>
  <testcase classname="RESTTest.RESTFirstTest" name="test_2" time="2.195"/>
  <system-out/>
</testsuite> <!-- RESTTest.RESTFirstTest -->
