<?xml version="1.0" encoding="UTF-8"?>
<!-- Generated by org.testng.reporters.JUnitReportReporter -->
<testsuite hostname="lenovo-PC" failures="0" tests="1" name="RESTTest.GetAndPostTest" time="8.166" errors="0" timestamp="2023-08-12T00:27:31 IST" skipped="0">
  <testcase classname="RESTTest.GetAndPostTest" name="testPost" time="8.166"/>
  <system-out/>
</testsuite> <!-- RESTTest.GetAndPostTest -->
