<?xml version="1.0" encoding="UTF-8"?>
<!-- Generated by org.testng.reporters.JUnitReportReporter -->
<testsuite hostname="lenovo-PC" failures="0" tests="2" name="RESTTest.HashMapData" time="6.181" errors="0" timestamp="2023-08-14T01:33:19 IST" skipped="0">
  <testcase classname="RESTTest.HashMapData" name="externalFile" time="5.379"/>
  <system-out/>
  <testcase classname="RESTTest.HashMapData" name="deleteFile" time="0.802"/>
  <system-out/>
</testsuite> <!-- RESTTest.HashMapData -->
