<?xml version="1.0" encoding="UTF-8"?>
<!-- Generated by org.testng.reporters.JUnitReportReporter -->
<testsuite hostname="lenovo-PC" failures="0" tests="4" name="RESTTest.HHTTPRequest" time="11.761" errors="0" timestamp="2023-08-13T00:15:40 IST" skipped="0">
  <testcase classname="RESTTest.HHTTPRequest" name="getUser" time="6.783"/>
  <system-out/>
  <testcase classname="RESTTest.HHTTPRequest" name="creatUser" time="2.778"/>
  <system-out/>
  <testcase classname="RESTTest.HHTTPRequest" name="updateUser" time="1.363"/>
  <system-out/>
  <testcase classname="RESTTest.HHTTPRequest" name="deleteUser" time="0.837"/>
  <system-out/>
</testsuite> <!-- RESTTest.HHTTPRequest -->
