<?xml version="1.0" encoding="UTF-8"?>
<!-- Generated by org.testng.reporters.JUnitReportReporter -->
<testsuite hostname="lenovo-PC" failures="0" tests="1" name="RESTTest.ParsingXMLResponseData" time="5.718" errors="0" timestamp="2023-08-17T00:00:42 IST" skipped="0">
  <testcase classname="RESTTest.ParsingXMLResponseData" name="testData3" time="5.718"/>
  <system-out/>
</testsuite> <!-- RESTTest.ParsingXMLResponseData -->
