<?xml version="1.0" encoding="UTF-8"?>
<!-- Generated by org.testng.reporters.JUnitReportReporter -->
<testsuite hostname="lenovo-PC" failures="0" tests="1" name="RESTTest.CookieTest" time="4.109" errors="0" timestamp="2023-08-22T23:57:23 IST" skipped="0">
  <testcase classname="RESTTest.CookieTest" name="getCookieInfo" time="4.109"/>
  <system-out/>
</testsuite> <!-- RESTTest.CookieTest -->
