<?xml version="1.0" encoding="UTF-8"?>
<!-- Generated by org.testng.reporters.JUnitReportReporter -->
<testsuite hostname="lenovo-PC" failures="0" tests="1" name="ChainingPackage.DeleteUser" time="1.165" errors="0" timestamp="2023-08-22T01:46:31 IST" skipped="0">
  <testcase classname="ChainingPackage.DeleteUser" name="testDeleteUser" time="1.165"/>
  <system-out/>
</testsuite> <!-- ChainingPackage.DeleteUser -->
