<?xml version="1.0" encoding="UTF-8"?>
<!-- Generated by org.testng.reporters.JUnitReportReporter -->
<testsuite hostname="lenovo-PC" failures="0" tests="1" name="RESTTest.pathAndQueryParameters" time="4.026" errors="0" timestamp="2023-08-13T01:08:42 IST" skipped="0">
  <testcase classname="RESTTest.pathAndQueryParameters" name="testPathAndQueryParameters" time="4.026"/>
  <system-out/>
</testsuite> <!-- RESTTest.pathAndQueryParameters -->
