<?xml version="1.0" encoding="UTF-8"?>
<!-- Generated by org.testng.reporters.JUnitReportReporter -->
<testsuite hostname="lenovo-PC" failures="0" tests="1" name="RESTTest.TestHeader" time="3.967" errors="0" timestamp="2023-08-13T20:06:57 IST" skipped="0">
  <testcase classname="RESTTest.TestHeader" name="getHeaders" time="3.967"/>
  <system-out/>
</testsuite> <!-- RESTTest.TestHeader -->
