<?xml version="1.0" encoding="UTF-8"?>
<!-- Generated by org.testng.reporters.JUnitReportReporter -->
<testsuite hostname="lenovo-PC" failures="0" tests="1" name="RESTTest.JsonXmlSchemaValidation" time="4.377" errors="0" timestamp="2023-08-21T00:09:08 IST" skipped="0">
  <testcase classname="RESTTest.JsonXmlSchemaValidation" name="testXmlSchema" time="4.377"/>
  <system-out/>
</testsuite> <!-- RESTTest.JsonXmlSchemaValidation -->
