<?xml version="1.0" encoding="UTF-8"?>
<!-- Generated by org.testng.reporters.JUnitReportReporter -->
<testsuite hostname="lenovo-PC" failures="0" tests="1" name="RESTTest.Authentication" time="0.681" errors="0" timestamp="2023-08-19T00:11:46 IST" skipped="0">
  <testcase classname="RESTTest.Authentication" name="testFaker" time="0.681"/>
  <system-out/>
</testsuite> <!-- RESTTest.Authentication -->
